2024-02-29 15:23:42.187358+02:00- home retrieved
2024-02-29 15:23:42.257254+02:00- home retrieved
2024-02-29 15:23:50.608994+02:00- cache set
2024-02-29 15:23:50.609623+02:00- comparison retrieved
2024-02-29 15:23:55.098295+02:00- best opportunity retrieved, result: 999.999999743316
2024-02-29 15:23:58.023187+02:00- reports retrieved
2024-02-29 15:24:07.019325+02:00- best opportunity retrieved, result: 999.999999743316
2024-02-29 15:24:07.108678+02:00- report created
2024-02-29 15:24:09.044340+02:00- reports retrieved
2024-02-29 15:24:17.018789+02:00- best opportunity retrieved, result: 999.999999743316
2024-02-29 15:24:17.074791+02:00- report updated
2024-02-29 15:24:21.029509+02:00- reports retrieved
2024-02-29 15:24:26.037157+02:00- best opportunity retrieved, result: 999.999999743316
2024-02-29 15:24:26.090709+02:00- report deleted
2024-02-29 15:24:28.030874+02:00- reports retrieved
2024-02-29 20:25:53.709148+02:00- home retrieved
2024-02-29 20:25:53.908354+02:00- home retrieved
2024-02-29 20:26:47.193559+02:00- cache set
2024-02-29 20:26:47.194272+02:00- comparison retrieved
2024-02-29 20:29:09.643633+02:00- cache set
2024-02-29 20:29:09.645108+02:00- comparison retrieved
2024-02-29 20:29:27.631465+02:00- best opportunity retrieved, result: 999.9999997436507
2024-02-29 20:31:08.655879+02:00- reports retrieved
2024-02-29 20:31:41.764867+02:00- best opportunity retrieved, result: 999.9999997436507
2024-02-29 20:31:42.687122+02:00- report created
2024-02-29 20:31:44.694727+02:00- reports retrieved
2024-02-29 20:31:44.714197+02:00- best opportunity retrieved, result: 999.9999997436507
2024-02-29 20:31:45.712315+02:00- report created
2024-02-29 20:31:51.781177+02:00- best opportunity retrieved, result: 999.9999997436507
2024-02-29 20:31:52.694044+02:00- report updated
2024-02-29 20:31:53.682516+02:00- reports retrieved
2024-02-29 20:31:57.722494+02:00- best opportunity retrieved, result: 999.9999997436507
2024-02-29 20:31:57.776111+02:00- report deleted
2024-02-29 20:31:58.679068+02:00- reports retrieved
2024-02-29 20:32:06.305686+02:00- home retrieved
2024-02-29 20:32:07.709421+02:00- reports retrieved
2024-02-29 20:32:34.125989+02:00- home retrieved
2024-02-29 20:33:02.909815+02:00- best opportunity retrieved, result: 999.9999997436507
